#
# A fatal error has been detected by the Java Runtime Environment:
#
#  EXCEPTION_ACCESS_VIOLATION (0xc0000005) at pc=0x000000005635ccd7, pid=12848, tid=0x0000000000000ff0
#
# JRE version: OpenJDK Runtime Environment (8.0_302-b08) (build 1.8.0_302-b08)
# Java VM: OpenJDK 64-Bit Server VM (25.302-b08 mixed mode windows-amd64 compressed oops)
# Problematic frame:
# V  [jvm.dll+0x4accd7]
#
# Failed to write core dump. Minidumps are not enabled by default on client versions of Windows
#
# If you would like to submit a bug report, please visit:
#   http://bugreport.java.com/bugreport/crash.jsp
#

---------------  T H R E A D  ---------------

Current thread (0x0000000016880800):  JavaThread "C2 CompilerThread2" daemon [_thread_in_native, id=4080, stack(0x0000000017360000,0x0000000017460000)]

siginfo: ExceptionCode=0xc0000005, reading address 0x000000041d8f9ce8

Registers:
RAX=0x0000000000000001, RBX=0x000000001d8f9e80, RCX=0x000000001b80e3a0, RDX=0x000000001745c0d8
RSP=0x000000001745bfa0, RBP=0x000000001745c000, RSI=0x000000001d8f9e08, RDI=0x00000000000001e5
R8 =0x000000000000004b, R9 =0x000000041d8f9cc0, R10=0x0000000026c50df0, R11=0x0000000000000000
R12=0x0000000000000000, R13=0x000000001d8f9e88, R14=0x000000001745c1f0, R15=0x0000000056551f60
RIP=0x000000005635ccd7, EFLAGS=0x0000000000010293

Top of Stack: (sp=0x000000001745bfa0)
0x000000001745bfa0:   0000000017cc0200 0000000017cbc368
0x000000001745bfb0:   0000000056551f60 000000001745c1f0
0x000000001745bfc0:   0000000017cc0230 0000000000000000
0x000000001745bfd0:   0000000017dc8340 000000005635f575
0x000000001745bfe0:   000000001745c1f0 0000000017dc8030
0x000000001745bff0:   0000000017cc0200 00000000280b6280
0x000000001745c000:   000000001745c0d8 000000001745c0b8
0x000000001745c010:   000000001745c1f0 0000000055f7c53b
0x000000001745c020:   000000001687ba70 0000000027f1fc60
0x000000001745c030:   0000000000000000 000000001745c0d9
0x000000001745c040:   000000001745c1f0 000000005635fa79
0x000000001745c050:   000000001a607ca8 000000001a605450
0x000000001745c060:   000000001a5ffcc0 00000000280b6030
0x000000001745c070:   0000000000000002 0000000017dc7940
0x000000001745c080:   0000000000000000 0000000000000000
0x000000001745c090:   0000000000000000 0000000000000000 

Instructions: (pc=0x000000005635ccd7)
0x000000005635ccb7:   78 68 8b 46 20 4c 8d 2c c3 49 3b dd 0f 83 bd 00
0x000000005635ccc7:   00 00 0f 1f 80 00 00 00 00 4c 8b 0b 48 8b 55 00
0x000000005635ccd7:   41 8b 49 28 8b c1 c1 e8 05 3b 42 10 73 19 44 8b
0x000000005635cce7:   c0 48 8b 42 18 83 e1 1f 42 8b 04 80 ba 01 00 00 


Register to memory mapping:

RAX=0x0000000000000001 is an unknown value
RBX=0x000000001d8f9e80 is an unknown value
RCX=0x000000001b80e3a0 is an unknown value
RDX=0x000000001745c0d8 is pointing into the stack for thread: 0x0000000016880800
RSP=0x000000001745bfa0 is pointing into the stack for thread: 0x0000000016880800
RBP=0x000000001745c000 is pointing into the stack for thread: 0x0000000016880800
RSI=0x000000001d8f9e08 is an unknown value
RDI=0x00000000000001e5 is an unknown value
R8 =0x000000000000004b is an unknown value
R9 =0x000000041d8f9cc0 is an unknown value
R10=0x0000000026c50df0 is an unknown value
R11=0x0000000000000000 is an unknown value
R12=0x0000000000000000 is an unknown value
R13=0x000000001d8f9e88 is an unknown value
R14=0x000000001745c1f0 is pointing into the stack for thread: 0x0000000016880800
R15=0x0000000056551f60 is an unknown value


Stack: [0x0000000017360000,0x0000000017460000],  sp=0x000000001745bfa0,  free space=1007k
Native frames: (J=compiled Java code, j=interpreted, Vv=VM code, C=native code)
V  [jvm.dll+0x4accd7]
V  [jvm.dll+0x4af575]
V  [jvm.dll+0x4afa79]
V  [jvm.dll+0x4b07fa]
V  [jvm.dll+0x497b1c]
V  [jvm.dll+0x49a607]
V  [jvm.dll+0x47d30f]
V  [jvm.dll+0x855ef]
V  [jvm.dll+0x85eaf]
V  [jvm.dll+0x22d8bf]
V  [jvm.dll+0x28827a]
C  [msvcr100.dll+0x21d9f]
C  [msvcr100.dll+0x21e3b]
C  [KERNEL32.DLL+0x17034]
C  [ntdll.dll+0x52651]


Current CompileTask:
C2:  93345 10985       4       org.objectweb.asm.SymbolTable::addBootstrapMethod (228 bytes)


---------------  P R O C E S S  ---------------

Java Threads: ( => current thread )
  0x0000000026b57800 JavaThread "jar transforms Thread 136" [_thread_blocked, id=8392, stack(0x0000000021f10000,0x0000000022010000)]
  0x000000001c521800 JavaThread "jar transforms Thread 135" [_thread_blocked, id=1464, stack(0x0000000021e10000,0x0000000021f10000)]
  0x000000001c521000 JavaThread "jar transforms Thread 134" [_thread_blocked, id=10852, stack(0x0000000021d10000,0x0000000021e10000)]
  0x000000001c520000 JavaThread "jar transforms Thread 133" [_thread_blocked, id=1320, stack(0x0000000021c10000,0x0000000021d10000)]
  0x000000001c51f000 JavaThread "jar transforms Thread 132" [_thread_blocked, id=1104, stack(0x0000000021b10000,0x0000000021c10000)]
  0x000000001c51e800 JavaThread "jar transforms Thread 131" [_thread_blocked, id=11564, stack(0x0000000021a10000,0x0000000021b10000)]
  0x000000001c51d800 JavaThread "jar transforms Thread 130" [_thread_blocked, id=11664, stack(0x0000000021910000,0x0000000021a10000)]
  0x000000001c516000 JavaThread "jar transforms Thread 129" [_thread_blocked, id=12524, stack(0x0000000021810000,0x0000000021910000)]
  0x000000001c51d000 JavaThread "jar transforms Thread 128" [_thread_blocked, id=1952, stack(0x0000000021710000,0x0000000021810000)]
  0x000000001c515000 JavaThread "jar transforms Thread 127" [_thread_blocked, id=7032, stack(0x0000000021610000,0x0000000021710000)]
  0x000000001c51c000 JavaThread "jar transforms Thread 126" [_thread_blocked, id=11808, stack(0x0000000021510000,0x0000000021610000)]
  0x000000001c514000 JavaThread "jar transforms Thread 125" [_thread_blocked, id=3880, stack(0x0000000021410000,0x0000000021510000)]
  0x000000001c51b800 JavaThread "jar transforms Thread 124" [_thread_blocked, id=5292, stack(0x0000000021310000,0x0000000021410000)]
  0x000000001c513800 JavaThread "jar transforms Thread 123" [_thread_blocked, id=6684, stack(0x0000000021210000,0x0000000021310000)]
  0x000000001c51a800 JavaThread "jar transforms Thread 122" [_thread_blocked, id=9472, stack(0x0000000021110000,0x0000000021210000)]
  0x000000001c518000 JavaThread "jar transforms Thread 121" [_thread_blocked, id=8924, stack(0x0000000021010000,0x0000000021110000)]
  0x000000001c516800 JavaThread "jar transforms Thread 120" [_thread_blocked, id=3408, stack(0x0000000020f10000,0x0000000021010000)]
  0x000000001c512800 JavaThread "jar transforms Thread 119" [_thread_blocked, id=9880, stack(0x0000000020e10000,0x0000000020f10000)]
  0x000000001c519800 JavaThread "jar transforms Thread 118" [_thread_blocked, id=11936, stack(0x0000000020d10000,0x0000000020e10000)]
  0x000000001c519000 JavaThread "jar transforms Thread 117" [_thread_blocked, id=6700, stack(0x0000000020c10000,0x0000000020d10000)]
  0x000000001c517800 JavaThread "jar transforms Thread 116" [_thread_blocked, id=11668, stack(0x0000000020b10000,0x0000000020c10000)]
  0x000000001ac05000 JavaThread "jar transforms Thread 115" [_thread_blocked, id=11368, stack(0x0000000020a10000,0x0000000020b10000)]
  0x000000001ac06000 JavaThread "jar transforms Thread 114" [_thread_blocked, id=6996, stack(0x00000000014b0000,0x00000000015b0000)]
  0x000000001ac07800 JavaThread "jar transforms Thread 113" [_thread_blocked, id=9260, stack(0x00000000013b0000,0x00000000014b0000)]
  0x000000001ac04800 JavaThread "jar transforms Thread 112" [_thread_blocked, id=11580, stack(0x0000000020910000,0x0000000020a10000)]
  0x000000001ac06800 JavaThread "jar transforms Thread 111" [_thread_blocked, id=11456, stack(0x0000000020810000,0x0000000020910000)]
  0x000000001abff800 JavaThread "jar transforms Thread 110" [_thread_blocked, id=2540, stack(0x0000000020710000,0x0000000020810000)]
  0x000000001ac03800 JavaThread "jar transforms Thread 109" [_thread_blocked, id=12720, stack(0x0000000020430000,0x0000000020530000)]
  0x000000001a8dc800 JavaThread "jar transforms Thread 108" [_thread_blocked, id=12708, stack(0x000000001ff80000,0x0000000020080000)]
  0x000000001a8dd800 JavaThread "jar transforms Thread 107" [_thread_blocked, id=6868, stack(0x000000001fe80000,0x000000001ff80000)]
  0x000000001a8d5000 JavaThread "jar transforms Thread 106" [_thread_blocked, id=10148, stack(0x0000000020610000,0x0000000020710000)]
  0x000000001a8d8000 JavaThread "jar transforms Thread 105" [_thread_blocked, id=13280, stack(0x0000000020130000,0x0000000020230000)]
  0x000000001a8d4000 JavaThread "jar transforms Thread 104" [_thread_blocked, id=6092, stack(0x0000000020330000,0x0000000020430000)]
  0x000000001a8d3000 JavaThread "jar transforms Thread 103" [_thread_blocked, id=12668, stack(0x0000000020230000,0x0000000020330000)]
  0x000000001a8d5800 JavaThread "jar transforms Thread 102" [_thread_in_Java, id=10772, stack(0x000000001fd80000,0x000000001fe80000)]
  0x000000001a8d2800 JavaThread "jar transforms Thread 101" [_thread_blocked, id=11084, stack(0x000000001fc80000,0x000000001fd80000)]
  0x000000001a8d1800 JavaThread "jar transforms Thread 100" [_thread_blocked, id=11200, stack(0x000000001fb80000,0x000000001fc80000)]
  0x000000001a8d7000 JavaThread "jar transforms Thread 99" [_thread_blocked, id=10364, stack(0x000000001e840000,0x000000001e940000)]
  0x000000001a8d6800 JavaThread "jar transforms Thread 98" [_thread_blocked, id=11872, stack(0x00000000015b0000,0x00000000016b0000)]
  0x000000001a8e0000 JavaThread "Memory manager" [_thread_blocked, id=8564, stack(0x0000000026380000,0x0000000026480000)]
  0x000000001a8d1000 JavaThread "jar transforms Thread 97" [_thread_blocked, id=12364, stack(0x0000000025a80000,0x0000000025b80000)]
  0x000000001ac02800 JavaThread "Build operations Thread 8" [_thread_blocked, id=4352, stack(0x000000001fa80000,0x000000001fb80000)]
  0x000000001abfb000 JavaThread "Build operations Thread 7" [_thread_blocked, id=11308, stack(0x000000001f980000,0x000000001fa80000)]
  0x000000001ac02000 JavaThread "Build operations Thread 6" [_thread_blocked, id=11948, stack(0x000000001f880000,0x000000001f980000)]
  0x000000001abfa000 JavaThread "Build operations Thread 5" [_thread_blocked, id=4364, stack(0x000000001f780000,0x000000001f880000)]
  0x000000001ac01000 JavaThread "Build operations Thread 4" [_thread_blocked, id=1688, stack(0x000000001f680000,0x000000001f780000)]
  0x000000001abf9800 JavaThread "Build operations Thread 3" [_thread_blocked, id=13240, stack(0x000000001f580000,0x000000001f680000)]
  0x000000001ac00800 JavaThread "Build operations Thread 2" [_thread_blocked, id=5676, stack(0x000000001f480000,0x000000001f580000)]
  0x000000001abff000 JavaThread "Build operations" [_thread_blocked, id=13304, stack(0x000000001f380000,0x000000001f480000)]
  0x000000001abfe000 JavaThread "Cache worker for Build Output Cleanup Cache (C:\Users\Gremis\Desktop\riskcov\android\.gradle\buildOutputCleanup)" [_thread_blocked, id=11620, stack(0x000000001ec40000,0x000000001ed40000)]
  0x000000001abfc800 JavaThread "Cache worker for file content cache (C:\Users\Gremis\.gradle\caches\6.9\fileContent)" [_thread_blocked, id=11604, stack(0x000000001e940000,0x000000001ea40000)]
  0x000000001688a000 JavaThread "Cache worker for execution history cache (C:\Users\Gremis\.gradle\caches\6.9\executionHistory)" [_thread_blocked, id=8524, stack(0x000000001e140000,0x000000001e240000)]
  0x0000000016889800 JavaThread "Cache worker for cache directory md-rule (C:\Users\Gremis\.gradle\caches\6.9\md-rule)" [_thread_blocked, id=9876, stack(0x000000001d070000,0x000000001d170000)]
  0x000000001688c000 JavaThread "Cache worker for cache directory md-supplier (C:\Users\Gremis\.gradle\caches\6.9\md-supplier)" [_thread_blocked, id=4104, stack(0x000000001cd70000,0x000000001ce70000)]
  0x0000000016888800 JavaThread "Cache worker for checksums cache (C:\Users\Gremis\Desktop\riskcov\android\.gradle\checksums)" [_thread_blocked, id=10184, stack(0x000000001cc70000,0x000000001cd70000)]
  0x000000001688b000 JavaThread "Cache worker for file hash cache (C:\Users\Gremis\Desktop\riskcov\android\.gradle\6.9\fileHashes)" [_thread_blocked, id=1108, stack(0x000000001cb70000,0x000000001cc70000)]
  0x0000000016885800 JavaThread "Cache worker for journal cache (C:\Users\Gremis\.gradle\caches\journal-1)" [_thread_blocked, id=12520, stack(0x000000001c670000,0x000000001c770000)]
  0x0000000016884800 JavaThread "File lock request listener" [_thread_in_native, id=11544, stack(0x000000001b5a0000,0x000000001b6a0000)]
  0x0000000016887000 JavaThread "Cache worker for file hash cache (C:\Users\Gremis\.gradle\caches\6.9\fileHashes)" [_thread_blocked, id=6712, stack(0x000000001b4a0000,0x000000001b5a0000)]
  0x0000000018168000 JavaThread "Daemon client event forwarder" [_thread_blocked, id=11972, stack(0x000000001a1d0000,0x000000001a2d0000)]
  0x00000000180d1800 JavaThread "Stdin handler" [_thread_blocked, id=12156, stack(0x000000001a0d0000,0x000000001a1d0000)]
  0x0000000018cd9800 JavaThread "Asynchronous log dispatcher for DefaultDaemonConnection: socket connection from /127.0.0.1:57599 to /127.0.0.1:57600" [_thread_blocked, id=6876, stack(0x0000000019ed0000,0x0000000019fd0000)]
  0x00000000183a7800 JavaThread "Daemon worker" [_thread_in_Java, id=12192, stack(0x0000000019dd0000,0x0000000019ed0000)]
  0x0000000018b8b000 JavaThread "Cancel handler" [_thread_blocked, id=13164, stack(0x0000000019cd0000,0x0000000019dd0000)]
  0x0000000018b8a800 JavaThread "Handler for socket connection from /127.0.0.1:57599 to /127.0.0.1:57600" [_thread_in_native, id=7376, stack(0x0000000019bd0000,0x0000000019cd0000)]
  0x0000000018c8d000 JavaThread "Daemon" [_thread_blocked, id=12304, stack(0x0000000019ad0000,0x0000000019bd0000)]
  0x0000000018c8c800 JavaThread "Daemon periodic checks" [_thread_blocked, id=7312, stack(0x00000000197d0000,0x00000000198d0000)]
  0x0000000016a11800 JavaThread "Incoming local TCP Connector on port 57599" [_thread_in_native, id=9976, stack(0x0000000019570000,0x0000000019670000)]
  0x0000000016aa9800 JavaThread "Daemon health stats" [_thread_blocked, id=12544, stack(0x0000000019130000,0x0000000019230000)]
  0x0000000016910800 JavaThread "Service Thread" daemon [_thread_blocked, id=13048, stack(0x0000000017560000,0x0000000017660000)]
  0x0000000016888000 JavaThread "C1 CompilerThread3" daemon [_thread_blocked, id=9944, stack(0x0000000017460000,0x0000000017560000)]
=>0x0000000016880800 JavaThread "C2 CompilerThread2" daemon [_thread_in_native, id=4080, stack(0x0000000017360000,0x0000000017460000)]
  0x0000000016878800 JavaThread "C2 CompilerThread1" daemon [_thread_blocked, id=10804, stack(0x0000000017260000,0x0000000017360000)]
  0x0000000016874000 JavaThread "C2 CompilerThread0" daemon [_thread_blocked, id=2552, stack(0x0000000017160000,0x0000000017260000)]
  0x000000001686f000 JavaThread "Attach Listener" daemon [_thread_blocked, id=8868, stack(0x0000000017060000,0x0000000017160000)]
  0x000000001686e000 JavaThread "Signal Dispatcher" daemon [_thread_blocked, id=388, stack(0x0000000016f60000,0x0000000017060000)]
  0x0000000014a5d000 JavaThread "Finalizer" daemon [_thread_blocked, id=7828, stack(0x0000000016d40000,0x0000000016e40000)]
  0x0000000016860800 JavaThread "Reference Handler" daemon [_thread_blocked, id=10376, stack(0x0000000016c40000,0x0000000016d40000)]
  0x00000000030f2800 JavaThread "main" [_thread_blocked, id=12672, stack(0x0000000002ff0000,0x00000000030f0000)]

Other Threads:
  0x0000000014a57800 VMThread [stack: 0x0000000016740000,0x0000000016840000] [id=4528]
  0x0000000016912000 WatcherThread [stack: 0x0000000017660000,0x0000000017760000] [id=7156]

VM state:not at safepoint (normal execution)

VM Mutex/Monitor currently owned by a thread: None

heap address: 0x00000000e0000000, size: 512 MB, Compressed Oops mode: 32-bit
Narrow klass base: 0x0000000000000000, Narrow klass shift: 3
Compressed class space size: 1073741824 Address: 0x0000000100000000

Heap:
 PSYoungGen      total 118272K, used 118112K [0x00000000f5580000, 0x0000000100000000, 0x0000000100000000)
  eden space 117248K, 100% used [0x00000000f5580000,0x00000000fc800000,0x00000000fc800000)
  from space 1024K, 84% used [0x00000000fc800000,0x00000000fc8d8000,0x00000000fc900000)
  to   space 29696K, 0% used [0x00000000fe300000,0x00000000fe300000,0x0000000100000000)
 ParOldGen       total 189440K, used 55195K [0x00000000e0000000, 0x00000000eb900000, 0x00000000f5580000)
  object space 189440K, 29% used [0x00000000e0000000,0x00000000e35e6f10,0x00000000eb900000)
 Metaspace       used 73339K, capacity 77061K, committed 77312K, reserved 1116160K
  class space    used 9835K, capacity 10638K, committed 10752K, reserved 1048576K

Card table byte_map: [0x00000000125b0000,0x00000000126c0000] byte_map_base: 0x0000000011eb0000

Marking Bits: (ParMarkBitMap*) 0x00000000566c1440
 Begin Bits: [0x0000000012f70000, 0x0000000013770000)
 End Bits:   [0x0000000013770000, 0x0000000013f70000)

Polling page: 0x00000000016e0000

CodeCache: size=245760Kb used=35066Kb max_used=35494Kb free=210693Kb
 bounds [0x00000000031f0000, 0x0000000005500000, 0x00000000121f0000]
 total_blobs=10047 nmethods=9195 adapters=763
 compilation: enabled

Compilation events (10 events):
Event: 91.625 Thread 0x0000000016888000 10981       3       org.gradle.internal.vfs.impl.DefaultFileSystemAccess::read (12 bytes)
Event: 91.631 Thread 0x0000000016888000 nmethod 10981 0x0000000004f1af50 code [0x0000000004f1b240, 0x0000000004f1c858]
Event: 91.633 Thread 0x0000000016888000 10982       3       org.gradle.internal.vfs.impl.DefaultFileSystemAccess::readLocation (13 bytes)
Event: 91.636 Thread 0x0000000016888000 nmethod 10982 0x0000000004d40410 code [0x0000000004d406e0, 0x0000000004d41bc8]
Event: 91.637 Thread 0x0000000016888000 10983       3       org.gradle.internal.vfs.impl.DefaultFileSystemAccess$$Lambda$143/1125723128::get$Lambda (12 bytes)
Event: 91.638 Thread 0x0000000016888000 nmethod 10983 0x0000000004d17250 code [0x0000000004d173c0, 0x0000000004d17650]
Event: 91.659 Thread 0x0000000016874000 10984       4       org.objectweb.asm.AnnotationWriter::visitEnd (44 bytes)
Event: 91.660 Thread 0x0000000016874000 nmethod 10984 0x0000000004b8a650 code [0x0000000004b8a7a0, 0x0000000004b8a898]
Event: 91.705 Thread 0x0000000016878800 nmethod 10977 0x00000000054f0290 code [0x00000000054f07c0, 0x00000000054f59e0]
Event: 92.179 Thread 0x0000000016880800 10985       4       org.objectweb.asm.SymbolTable::addBootstrapMethod (228 bytes)

GC Heap History (10 events):
Event: 86.757 GC heap before
{Heap before GC invocations=20 (full 3):
 PSYoungGen      total 146944K, used 138647K [0x00000000f5580000, 0x0000000100000000, 0x0000000100000000)
  eden space 119296K, 100% used [0x00000000f5580000,0x00000000fca00000,0x00000000fca00000)
  from space 27648K, 69% used [0x00000000fe500000,0x00000000ff7e5c10,0x0000000100000000)
  to   space 27648K, 0% used [0x00000000fca00000,0x00000000fca00000,0x00000000fe500000)
 ParOldGen       total 189440K, used 37261K [0x00000000e0000000, 0x00000000eb900000, 0x00000000f5580000)
  object space 189440K, 19% used [0x00000000e0000000,0x00000000e2463718,0x00000000eb900000)
 Metaspace       used 73299K, capacity 77061K, committed 77312K, reserved 1116160K
  class space    used 9834K, capacity 10638K, committed 10752K, reserved 1048576K
Event: 86.813 GC heap after
Heap after GC invocations=20 (full 3):
 PSYoungGen      total 146944K, used 18062K [0x00000000f5580000, 0x0000000100000000, 0x0000000100000000)
  eden space 119296K, 0% used [0x00000000f5580000,0x00000000f5580000,0x00000000fca00000)
  from space 27648K, 65% used [0x00000000fca00000,0x00000000fdba3a78,0x00000000fe500000)
  to   space 27648K, 0% used [0x00000000fe500000,0x00000000fe500000,0x0000000100000000)
 ParOldGen       total 189440K, used 37269K [0x00000000e0000000, 0x00000000eb900000, 0x00000000f5580000)
  object space 189440K, 19% used [0x00000000e0000000,0x00000000e2465718,0x00000000eb900000)
 Metaspace       used 73299K, capacity 77061K, committed 77312K, reserved 1116160K
  class space    used 9834K, capacity 10638K, committed 10752K, reserved 1048576K
}
Event: 87.268 GC heap before
{Heap before GC invocations=21 (full 3):
 PSYoungGen      total 146944K, used 137358K [0x00000000f5580000, 0x0000000100000000, 0x0000000100000000)
  eden space 119296K, 100% used [0x00000000f5580000,0x00000000fca00000,0x00000000fca00000)
  from space 27648K, 65% used [0x00000000fca00000,0x00000000fdba3a78,0x00000000fe500000)
  to   space 27648K, 0% used [0x00000000fe500000,0x00000000fe500000,0x0000000100000000)
 ParOldGen       total 189440K, used 37269K [0x00000000e0000000, 0x00000000eb900000, 0x00000000f5580000)
  object space 189440K, 19% used [0x00000000e0000000,0x00000000e2465718,0x00000000eb900000)
 Metaspace       used 73299K, capacity 77061K, committed 77312K, reserved 1116160K
  class space    used 9834K, capacity 10638K, committed 10752K, reserved 1048576K
Event: 87.281 GC heap after
Heap after GC invocations=21 (full 3):
 PSYoungGen      total 146944K, used 18982K [0x00000000f5580000, 0x0000000100000000, 0x0000000100000000)
  eden space 119296K, 0% used [0x00000000f5580000,0x00000000f5580000,0x00000000fca00000)
  from space 27648K, 68% used [0x00000000fe500000,0x00000000ff789a80,0x0000000100000000)
  to   space 27648K, 0% used [0x00000000fca00000,0x00000000fca00000,0x00000000fe500000)
 ParOldGen       total 189440K, used 37277K [0x00000000e0000000, 0x00000000eb900000, 0x00000000f5580000)
  object space 189440K, 19% used [0x00000000e0000000,0x00000000e2467718,0x00000000eb900000)
 Metaspace       used 73299K, capacity 77061K, committed 77312K, reserved 1116160K
  class space    used 9834K, capacity 10638K, committed 10752K, reserved 1048576K
}
Event: 87.922 GC heap before
{Heap before GC invocations=22 (full 3):
 PSYoungGen      total 146944K, used 138278K [0x00000000f5580000, 0x0000000100000000, 0x0000000100000000)
  eden space 119296K, 100% used [0x00000000f5580000,0x00000000fca00000,0x00000000fca00000)
  from space 27648K, 68% used [0x00000000fe500000,0x00000000ff789a80,0x0000000100000000)
  to   space 27648K, 0% used [0x00000000fca00000,0x00000000fca00000,0x00000000fe500000)
 ParOldGen       total 189440K, used 37405K [0x00000000e0000000, 0x00000000eb900000, 0x00000000f5580000)
  object space 189440K, 19% used [0x00000000e0000000,0x00000000e2487628,0x00000000eb900000)
 Metaspace       used 73327K, capacity 77061K, committed 77312K, reserved 1116160K
  class space    used 9835K, capacity 10638K, committed 10752K, reserved 1048576K
Event: 87.949 GC heap after
Heap after GC invocations=22 (full 3):
 PSYoungGen      total 146944K, used 9795K [0x00000000f5580000, 0x0000000100000000, 0x0000000100000000)
  eden space 119296K, 0% used [0x00000000f5580000,0x00000000f5580000,0x00000000fca00000)
  from space 27648K, 35% used [0x00000000fca00000,0x00000000fd390cb0,0x00000000fe500000)
  to   space 27648K, 0% used [0x00000000fe500000,0x00000000fe500000,0x0000000100000000)
 ParOldGen       total 189440K, used 47997K [0x00000000e0000000, 0x00000000eb900000, 0x00000000f5580000)
  object space 189440K, 25% used [0x00000000e0000000,0x00000000e2edf628,0x00000000eb900000)
 Metaspace       used 73327K, capacity 77061K, committed 77312K, reserved 1116160K
  class space    used 9835K, capacity 10638K, committed 10752K, reserved 1048576K
}
Event: 90.058 GC heap before
{Heap before GC invocations=23 (full 3):
 PSYoungGen      total 146944K, used 129091K [0x00000000f5580000, 0x0000000100000000, 0x0000000100000000)
  eden space 119296K, 100% used [0x00000000f5580000,0x00000000fca00000,0x00000000fca00000)
  from space 27648K, 35% used [0x00000000fca00000,0x00000000fd390cb0,0x00000000fe500000)
  to   space 27648K, 0% used [0x00000000fe500000,0x00000000fe500000,0x0000000100000000)
 ParOldGen       total 189440K, used 48001K [0x00000000e0000000, 0x00000000eb900000, 0x00000000f5580000)
  object space 189440K, 25% used [0x00000000e0000000,0x00000000e2ee0400,0x00000000eb900000)
 Metaspace       used 73329K, capacity 77061K, committed 77312K, reserved 1116160K
  class space    used 9835K, capacity 10638K, committed 10752K, reserved 1048576K
Event: 90.079 GC heap after
Heap after GC invocations=23 (full 3):
 PSYoungGen      total 144896K, used 736K [0x00000000f5580000, 0x0000000100000000, 0x0000000100000000)
  eden space 117248K, 0% used [0x00000000f5580000,0x00000000f5580000,0x00000000fc800000)
  from space 27648K, 2% used [0x00000000fe500000,0x00000000fe5b8000,0x0000000100000000)
  to   space 28672K, 0% used [0x00000000fc800000,0x00000000fc800000,0x00000000fe400000)
 ParOldGen       total 189440K, used 54939K [0x00000000e0000000, 0x00000000eb900000, 0x00000000f5580000)
  object space 189440K, 29% used [0x00000000e0000000,0x00000000e35a6f10,0x00000000eb900000)
 Metaspace       used 73329K, capacity 77061K, committed 77312K, reserved 1116160K
  class space    used 9835K, capacity 10638K, committed 10752K, reserved 1048576K
}
Event: 92.137 GC heap before
{Heap before GC invocations=24 (full 3):
 PSYoungGen      total 144896K, used 117984K [0x00000000f5580000, 0x0000000100000000, 0x0000000100000000)
  eden space 117248K, 100% used [0x00000000f5580000,0x00000000fc800000,0x00000000fc800000)
  from space 27648K, 2% used [0x00000000fe500000,0x00000000fe5b8000,0x0000000100000000)
  to   space 28672K, 0% used [0x00000000fc800000,0x00000000fc800000,0x00000000fe400000)
 ParOldGen       total 189440K, used 54939K [0x00000000e0000000, 0x00000000eb900000, 0x00000000f5580000)
  object space 189440K, 29% used [0x00000000e0000000,0x00000000e35a6f10,0x00000000eb900000)
 Metaspace       used 73339K, capacity 77061K, committed 77312K, reserved 1116160K
  class space    used 9835K, capacity 10638K, committed 10752K, reserved 1048576K
Event: 92.148 GC heap after
Heap after GC invocations=24 (full 3):
 PSYoungGen      total 118272K, used 864K [0x00000000f5580000, 0x0000000100000000, 0x0000000100000000)
  eden space 117248K, 0% used [0x00000000f5580000,0x00000000f5580000,0x00000000fc800000)
  from space 1024K, 84% used [0x00000000fc800000,0x00000000fc8d8000,0x00000000fc900000)
  to   space 29696K, 0% used [0x00000000fe300000,0x00000000fe300000,0x0000000100000000)
 ParOldGen       total 189440K, used 55195K [0x00000000e0000000, 0x00000000eb900000, 0x00000000f5580000)
  object space 189440K, 29% used [0x00000000e0000000,0x00000000e35e6f10,0x00000000eb900000)
 Metaspace       used 73339K, capacity 77061K, committed 77312K, reserved 1116160K
  class space    used 9835K, capacity 10638K, committed 10752K, reserved 1048576K
}

Deoptimization events (10 events):
Event: 87.525 Thread 0x000000001a8d6800 Uncommon trap: reason=unstable_if action=reinterpret pc=0x000000000535f604 method=org.objectweb.asm.ClassReader.getTypeAnnotationBytecodeOffset([II)I @ 1
Event: 87.526 Thread 0x000000001a8d6800 Uncommon trap: reason=unstable_if action=reinterpret pc=0x000000000533b304 method=org.objectweb.asm.ClassReader.readCode(Lorg/objectweb/asm/MethodVisitor;Lorg/objectweb/asm/Context;I)V @ 1778
Event: 87.767 Thread 0x000000001a8d6800 Uncommon trap: reason=unstable_if action=reinterpret pc=0x0000000003d6182c method=org.objectweb.asm.MethodWriter.visitFieldInsn(ILjava/lang/String;Ljava/lang/String;Ljava/lang/String;)V @ 128
Event: 88.044 Thread 0x000000001a8d3000 Uncommon trap: reason=unstable_if action=reinterpret pc=0x0000000004a95ecc method=org.apache.tools.zip.ZipEncodingHelper.isUTF8(Ljava/lang/String;)Z @ 1
Event: 89.401 Thread 0x000000001a8dc800 Uncommon trap: reason=unstable_if action=reinterpret pc=0x00000000052abeb4 method=org.objectweb.asm.SymbolTable.addConstantUtf8(Ljava/lang/String;)I @ 40
Event: 90.379 Thread 0x000000001ac05000 Uncommon trap: reason=unstable_if action=reinterpret pc=0x00000000052b4248 method=org.objectweb.asm.SymbolTable.addConstantUtf8Reference(ILjava/lang/String;)Lorg/objectweb/asm/Symbol; @ 45
Event: 90.407 Thread 0x000000001ac05000 Uncommon trap: reason=unstable_if action=reinterpret pc=0x00000000052896cc method=org.gradle.internal.classpath.InstrumentingTransformer$InstrumentingMethodVisitor.visitMethodInsn(ILjava/lang/String;Ljava/lang/String;Ljava/lang/String;Z)V @ 165
Event: 91.160 Thread 0x000000001a8d5800 Uncommon trap: reason=unstable_if action=reinterpret pc=0x0000000005454834 method=org.objectweb.asm.ClassReader.readMethod(Lorg/objectweb/asm/ClassVisitor;Lorg/objectweb/asm/Context;I)I @ 396
Event: 91.160 Thread 0x000000001a8d5800 Uncommon trap: reason=unstable_if action=reinterpret pc=0x00000000052d96c0 method=org.objectweb.asm.MethodWriter.visitAnnotableParameterCount(IZ)V @ 1
Event: 91.160 Thread 0x000000001a8d5800 Uncommon trap: reason=unstable_if action=reinterpret pc=0x0000000005352e80 method=org.objectweb.asm.MethodWriter.visitParameterAnnotation(ILjava/lang/String;Z)Lorg/objectweb/asm/AnnotationVisitor; @ 1

Classes redefined (0 events):
No events

Internal exceptions (10 events):
Event: 91.017 Thread 0x000000001c519800 Exception <a 'sun/nio/fs/WindowsException'> (0x00000000f7da5ed8) thrown at [C:\tmp\build-8-cpu\jdk8u\hotspot\src\share\vm\prims\jni.cpp, line 711]
Event: 91.018 Thread 0x000000001c519800 Exception <a 'sun/nio/fs/WindowsException'> (0x00000000f7da62d0) thrown at [C:\tmp\build-8-cpu\jdk8u\hotspot\src\share\vm\prims\jni.cpp, line 711]
Event: 91.219 Thread 0x000000001c512800 Exception <a 'sun/nio/fs/WindowsException'> (0x00000000f83bf880) thrown at [C:\tmp\build-8-cpu\jdk8u\hotspot\src\share\vm\prims\jni.cpp, line 711]
Event: 91.219 Thread 0x000000001c512800 Exception <a 'sun/nio/fs/WindowsException'> (0x00000000f83bfc58) thrown at [C:\tmp\build-8-cpu\jdk8u\hotspot\src\share\vm\prims\jni.cpp, line 711]
Event: 91.395 Thread 0x000000001c516800 Exception <a 'sun/nio/fs/WindowsException'> (0x00000000f90b6ef8) thrown at [C:\tmp\build-8-cpu\jdk8u\hotspot\src\share\vm\prims\jni.cpp, line 711]
Event: 91.395 Thread 0x000000001c516800 Exception <a 'sun/nio/fs/WindowsException'> (0x00000000f90b72e0) thrown at [C:\tmp\build-8-cpu\jdk8u\hotspot\src\share\vm\prims\jni.cpp, line 711]
Event: 91.546 Thread 0x000000001c518000 Exception <a 'sun/nio/fs/WindowsException'> (0x00000000f9e787b8) thrown at [C:\tmp\build-8-cpu\jdk8u\hotspot\src\share\vm\prims\jni.cpp, line 711]
Event: 91.546 Thread 0x000000001c518000 Exception <a 'sun/nio/fs/WindowsException'> (0x00000000f9e78b90) thrown at [C:\tmp\build-8-cpu\jdk8u\hotspot\src\share\vm\prims\jni.cpp, line 711]
Event: 91.664 Thread 0x000000001c51a800 Exception <a 'sun/nio/fs/WindowsException'> (0x00000000fb49b180) thrown at [C:\tmp\build-8-cpu\jdk8u\hotspot\src\share\vm\prims\jni.cpp, line 711]
Event: 91.665 Thread 0x000000001c51a800 Exception <a 'sun/nio/fs/WindowsException'> (0x00000000fb49b558) thrown at [C:\tmp\build-8-cpu\jdk8u\hotspot\src\share\vm\prims\jni.cpp, line 711]

Events (10 events):
Event: 92.157 Executing VM operation: RevokeBias
Event: 92.157 Executing VM operation: RevokeBias done
Event: 92.157 Executing VM operation: RevokeBias
Event: 92.157 Executing VM operation: RevokeBias done
Event: 92.157 Executing VM operation: RevokeBias
Event: 92.157 Executing VM operation: RevokeBias done
Event: 92.157 Executing VM operation: RevokeBias
Event: 92.158 Executing VM operation: RevokeBias done
Event: 92.158 Executing VM operation: BulkRevokeBias
Event: 92.159 Executing VM operation: BulkRevokeBias done


Dynamic libraries:
0x00007ff6abeb0000 - 0x00007ff6abee5000 	C:\Program Files\OpenJDK\openjdk-8u302-b08\bin\java.exe
0x00007ffc5fcb0000 - 0x00007ffc5fea5000 	C:\WINDOWS\SYSTEM32\ntdll.dll
0x00007ffc5fbb0000 - 0x00007ffc5fc6e000 	C:\WINDOWS\System32\KERNEL32.DLL
0x00007ffc5d580000 - 0x00007ffc5d849000 	C:\WINDOWS\System32\KERNELBASE.dll
0x00007ffc5ed50000 - 0x00007ffc5edfc000 	C:\WINDOWS\System32\ADVAPI32.dll
0x00007ffc5e4e0000 - 0x00007ffc5e57e000 	C:\WINDOWS\System32\msvcrt.dll
0x00007ffc5f750000 - 0x00007ffc5f7eb000 	C:\WINDOWS\System32\sechost.dll
0x00007ffc5e200000 - 0x00007ffc5e32a000 	C:\WINDOWS\System32\RPCRT4.dll
0x00007ffc5e330000 - 0x00007ffc5e4d1000 	C:\WINDOWS\System32\USER32.dll
0x00007ffc5dbb0000 - 0x00007ffc5dbd2000 	C:\WINDOWS\System32\win32u.dll
0x00007ffc5f030000 - 0x00007ffc5f05b000 	C:\WINDOWS\System32\GDI32.dll
0x00007ffc5d850000 - 0x00007ffc5d95b000 	C:\WINDOWS\System32\gdi32full.dll
0x00007ffc5dac0000 - 0x00007ffc5db5d000 	C:\WINDOWS\System32\msvcp_win.dll
0x00007ffc5d3d0000 - 0x00007ffc5d4d0000 	C:\WINDOWS\System32\ucrtbase.dll
0x00007ffc37280000 - 0x00007ffc3751a000 	C:\WINDOWS\WinSxS\amd64_microsoft.windows.common-controls_6595b64144ccf1df_6.0.19041.1110_none_60b5254171f9507e\COMCTL32.dll
0x00007ffc5f000000 - 0x00007ffc5f030000 	C:\WINDOWS\System32\IMM32.DLL
0x0000000056750000 - 0x0000000056822000 	C:\Program Files\OpenJDK\openjdk-8u302-b08\jre\bin\msvcr100.dll
0x0000000055eb0000 - 0x0000000056743000 	C:\Program Files\OpenJDK\openjdk-8u302-b08\jre\bin\server\jvm.dll
0x00007ffc5efe0000 - 0x00007ffc5efe8000 	C:\WINDOWS\System32\PSAPI.DLL
0x00007ffc57930000 - 0x00007ffc57939000 	C:\WINDOWS\SYSTEM32\WSOCK32.dll
0x00007ffc4db90000 - 0x00007ffc4dbb7000 	C:\WINDOWS\SYSTEM32\WINMM.dll
0x00007ffc57f40000 - 0x00007ffc57f4a000 	C:\WINDOWS\SYSTEM32\VERSION.dll
0x00007ffc5f8a0000 - 0x00007ffc5f90b000 	C:\WINDOWS\System32\WS2_32.dll
0x00007ffc56750000 - 0x00007ffc5675f000 	C:\Program Files\OpenJDK\openjdk-8u302-b08\jre\bin\verify.dll
0x00007ffc54a40000 - 0x00007ffc54a69000 	C:\Program Files\OpenJDK\openjdk-8u302-b08\jre\bin\java.dll
0x00007ffc53360000 - 0x00007ffc53376000 	C:\Program Files\OpenJDK\openjdk-8u302-b08\jre\bin\zip.dll
0x00007ffc5e580000 - 0x00007ffc5ecbf000 	C:\WINDOWS\System32\SHELL32.dll
0x00007ffc5b3b0000 - 0x00007ffc5bb40000 	C:\WINDOWS\SYSTEM32\windows.storage.dll
0x00007ffc5de40000 - 0x00007ffc5e195000 	C:\WINDOWS\System32\combase.dll
0x00007ffc5cdb0000 - 0x00007ffc5cddc000 	C:\WINDOWS\SYSTEM32\Wldp.dll
0x00007ffc5ee60000 - 0x00007ffc5ef0e000 	C:\WINDOWS\System32\SHCORE.dll
0x00007ffc5fb50000 - 0x00007ffc5fba5000 	C:\WINDOWS\System32\shlwapi.dll
0x00007ffc5d310000 - 0x00007ffc5d32f000 	C:\WINDOWS\SYSTEM32\profapi.dll
0x00007ffc53340000 - 0x00007ffc5335b000 	C:\Program Files\OpenJDK\openjdk-8u302-b08\jre\bin\net.dll
0x00007ffc5cab0000 - 0x00007ffc5cb1a000 	C:\WINDOWS\system32\mswsock.dll
0x00007ffc53320000 - 0x00007ffc53331000 	C:\Program Files\OpenJDK\openjdk-8u302-b08\jre\bin\nio.dll
0x00007ffc414a0000 - 0x00007ffc414c7000 	C:\Users\Gremis\.gradle\native\49d0259a56938c7f99b2704e745ce422c4f750a7a20b539a32ccef96729676b1\windows-amd64\native-platform.dll
0x00007ffc12250000 - 0x00007ffc123e1000 	C:\Users\Gremis\.gradle\native\12488b8bf47d2d4c9fbf2f6322a914ad602e24e48041cd04a747c6da556b65c4\windows-amd64\native-platform-file-events.dll
0x00007ffc55d30000 - 0x00007ffc55d3d000 	C:\Program Files\OpenJDK\openjdk-8u302-b08\jre\bin\management.dll
0x00007ffc5cd00000 - 0x00007ffc5cd18000 	C:\WINDOWS\SYSTEM32\CRYPTSP.dll
0x00007ffc5c430000 - 0x00007ffc5c464000 	C:\WINDOWS\system32\rsaenh.dll
0x00007ffc5dbe0000 - 0x00007ffc5dc07000 	C:\WINDOWS\System32\bcrypt.dll
0x00007ffc5d290000 - 0x00007ffc5d2be000 	C:\WINDOWS\SYSTEM32\USERENV.dll
0x00007ffc5dc70000 - 0x00007ffc5dcf3000 	C:\WINDOWS\System32\bcryptprimitives.dll
0x00007ffc5cd20000 - 0x00007ffc5cd2c000 	C:\WINDOWS\SYSTEM32\CRYPTBASE.dll
0x00007ffc5c7a0000 - 0x00007ffc5c7db000 	C:\WINDOWS\SYSTEM32\IPHLPAPI.DLL
0x00007ffc5fac0000 - 0x00007ffc5fac8000 	C:\WINDOWS\System32\NSI.dll
0x00007ffc56da0000 - 0x00007ffc56db7000 	C:\WINDOWS\SYSTEM32\dhcpcsvc6.DLL
0x00007ffc57300000 - 0x00007ffc5731d000 	C:\WINDOWS\SYSTEM32\dhcpcsvc.DLL
0x00007ffc5c7e0000 - 0x00007ffc5c8ac000 	C:\WINDOWS\SYSTEM32\DNSAPI.dll
0x00007ffc41470000 - 0x00007ffc41494000 	C:\Program Files\OpenJDK\openjdk-8u302-b08\jre\bin\sunec.dll
0x00007ffc54d80000 - 0x00007ffc54d8a000 	C:\Windows\System32\rasadhlp.dll
0x00007ffc53990000 - 0x00007ffc53a0f000 	C:\WINDOWS\System32\fwpuclnt.dll
0x00007ffc54a30000 - 0x00007ffc54a3c000 	C:\Program Files\OpenJDK\openjdk-8u302-b08\jre\bin\sunmscapi.dll
0x00007ffc5d960000 - 0x00007ffc5dab6000 	C:\WINDOWS\System32\CRYPT32.dll
0x00007ffc5ce90000 - 0x00007ffc5ceb7000 	C:\WINDOWS\SYSTEM32\ncrypt.dll
0x00007ffc5ce00000 - 0x00007ffc5ce3b000 	C:\WINDOWS\SYSTEM32\NTASN1.dll
0x00007ffc5b1c0000 - 0x00007ffc5b3a4000 	C:\WINDOWS\SYSTEM32\dbghelp.dll

VM Arguments:
jvm_args: -XX:MaxMetaspaceSize=256m -XX:+HeapDumpOnOutOfMemoryError -Xms256m -Xmx512m -Dfile.encoding=windows-1252 -Duser.country=BR -Duser.language=pt -Duser.variant 
java_command: org.gradle.launcher.daemon.bootstrap.GradleDaemon 6.9
java_class_path (initial): C:\Users\Gremis\.gradle\wrapper\dists\gradle-6.9-all\dooywd8nv05k16orzxge2b1bs\gradle-6.9\lib\gradle-launcher-6.9.jar
Launcher Type: SUN_STANDARD

Environment Variables:
JAVA_HOME=C:\Program Files\OpenJDK\openjdk-8u302-b08
CLASSPATH=C:\Users\Gremis\Desktop\riskcov\android\\gradle\wrapper\gradle-wrapper.jar
PATH=C:\Users\Gremis\Desktop\riskcov\android\node_modules\.bin;C:\Users\Gremis\Desktop\riskcov\node_modules\.bin;C:\Users\Gremis\Desktop\node_modules\.bin;C:\Users\Gremis\node_modules\.bin;C:\Users\node_modules\.bin;C:\node_modules\.bin;C:\Program Files\nodejs;C:\Program Files (x86)\Common Files\Oracle\Java\javapath;C:\Python39\Scripts\;C:\Python39\;C:\Program Files (x86)\Common Files\Intel\Shared Libraries\redist\intel64_win\compiler;C:\Program Files (x86)\Common Files\Intel\Shared Libraries\redist\intel64\compiler;C:\Windows\system32;C:\Windows;C:\Windows\System32\Wbem;C:\Windows\System32\WindowsPowerShell\v1.0\;C:\Windows\System32\OpenSSH\;C:\Program Files\NVIDIA Corporation\NVIDIA NvDLISR;C:\ProgramData\chocolatey\bin;C:\WINDOWS\system32;C:\WINDOWS;C:\WINDOWS\System32\Wbem;C:\WINDOWS\System32\WindowsPowerShell\v1.0\;C:\WINDOWS\System32\OpenSSH\;C:\Program Files\Git\cmd;C:\Program Files\nodejs\;C:\Program Files\OpenJDK\openjdk-8u302-b08\bin;C:\Ruby30-x64\bin;C:\Users\Gremis\AppData\Local\Microsoft\WindowsApps;C:\Users\Gremis\AppData\Local\Programs\Microsoft VS Code\bin;C:\Users\Gremis\source\repos\flutter\bin;C:\Users\Gremis\AppData\Local\Android\Sdk\platform-tools;C:\tools\dart-sdk\bin;C:\Users\Gremis\AppData\Roaming\Pub\Cache\bin;C:\Users\Gremis\AppData\Roaming\npm
USERNAME=Gremis
OS=Windows_NT
PROCESSOR_IDENTIFIER=Intel64 Family 6 Model 142 Stepping 12, GenuineIntel



---------------  S Y S T E M  ---------------

OS: Windows 10.0 , 64 bit Build 19041 (10.0.19041.1202)

CPU:total 8 (initial active 8) (4 cores per cpu, 2 threads per core) family 6 model 142 stepping 12, cmov, cx8, fxsr, mmx, sse, sse2, sse3, ssse3, sse4.1, sse4.2, popcnt, avx, avx2, aes, clmul, erms, 3dnowpref, lzcnt, ht, tsc, tscinvbit, bmi1, bmi2, adx

Memory: 4k page, physical 8265952k(2667996k free), swap 13770976k(6764748k free)

vm_info: OpenJDK 64-Bit Server VM (25.302-b08) for windows-amd64 JRE (1.8.0_302-b08), built on Jul 16 2021 12:02:07 by "build" with MS VC++ 10.0 (VS2010)

time: Tue Sep 21 11:16:37 2021
timezone: Hora oficial do Brasil
elapsed time: 93.828396 seconds (0d 0h 1m 33s)

