#
# A fatal error has been detected by the Java Runtime Environment:
#
#  EXCEPTION_ACCESS_VIOLATION (0xc0000005) at pc=0x0000000055f3f2e0, pid=7696, tid=0x0000000000000f9c
#
# JRE version: OpenJDK Runtime Environment (8.0_302-b08) (build 1.8.0_302-b08)
# Java VM: OpenJDK 64-Bit Server VM (25.302-b08 mixed mode windows-amd64 compressed oops)
# Problematic frame:
# V  [jvm.dll+0x8f2e0]
#
# Failed to write core dump. Minidumps are not enabled by default on client versions of Windows
#
# If you would like to submit a bug report, please visit:
#   http://bugreport.java.com/bugreport/crash.jsp
#

---------------  T H R E A D  ---------------

Current thread (0x0000000002375800):  GCTaskThread [stack: 0x00000000120d0000,0x00000000121d0000] [id=3996]

siginfo: ExceptionCode=0xc0000005, reading address 0x00000007d87934c8

Registers:
RAX=0x0000000000000000, RBX=0x00000000fb0f2684, RCX=0x00000000fb0f2684, RDX=0x00000007d87934c0
RSP=0x00000000121cf948, RBP=0x0000000011815f81, RSI=0x0000000002446440, RDI=0x00000000e0be5e18
R8 =0x0000000002446440, R9 =0x00000000fdbdf348, R10=0x000000000000000c, R11=0x00000000121cf9b0
R12=0x0000000011815f2d, R13=0x0000000002446400, R14=0x200002da00000000, R15=0x000000000235e700
RIP=0x0000000055f3f2e0, EFLAGS=0x0000000000010206

Top of Stack: (sp=0x00000000121cf948)
0x00000000121cf948:   00000000562d3c50 00000000fb1aad00
0x00000000121cf958:   0000000002446440 0000000002446440
0x00000000121cf968:   00000000fb543f59 00000000fdcba340
0x00000000121cf978:   0000000055fa2363 00000000fdcba33d
0x00000000121cf988:   00000000fdcba33d 00000000fdcec1b8
0x00000000121cf998:   0000000000001000 00000000e4f3f640
0x00000000121cf9a8:   00000000562d44bb 000000000235e7c0
0x00000000121cf9b8:   0000000000000000 0000000002446400
0x00000000121cf9c8:   0000000011815f2d 00000000e0be5e18
0x00000000121cf9d8:   00000000562d40d0 00000000fdced0e4
0x00000000121cf9e8:   0000000011815f81 0000000002446440
0x00000000121cf9f8:   0000000000000007 00000000fdced0e4
0x00000000121cfa08:   00000000562d4cb1 00000000fb14c050
0x00000000121cfa18:   0000000011815f81 0000000002446440
0x00000000121cfa28:   00000000fbadac1d 00000000fbc9c218
0x00000000121cfa38:   0000000000001000 00000000e0a6ee64 

Instructions: (pc=0x0000000055f3f2e0)
0x0000000055f3f2c0:   48 2b 05 f9 42 71 00 8b 0d fb 42 71 00 48 d3 e8
0x0000000055f3f2d0:   89 42 08 c3 48 89 42 08 c3 cc cc cc cc cc cc cc
0x0000000055f3f2e0:   44 8b 42 08 4c 8b ca 45 85 c0 7e 0e 41 f6 c0 01
0x0000000055f3f2f0:   75 57 41 c1 f8 03 41 8b c0 c3 79 4d 80 3d 4e 56 


Register to memory mapping:

RAX=0x0000000000000000 is an unknown value
RBX=0x00000000fb0f2684 is an unknown value
RCX=0x00000000fb0f2684 is an unknown value
RDX=0x00000007d87934c0 is an unknown value
RSP=0x00000000121cf948 is an unknown value
RBP=0x0000000011815f81 is an unknown value
RSI=0x0000000002446440 is an unknown value
RDI=0x00000000e0be5e18 is an oop
java.util.concurrent.locks.ReentrantLock 
 - klass: 'java/util/concurrent/locks/ReentrantLock'
R8 =0x0000000002446440 is an unknown value
R9 =0x00000000fdbdf348 is an oop
java.lang.String 
 - klass: 'java/lang/String'
R10=0x000000000000000c is an unknown value
R11=0x00000000121cf9b0 is an unknown value
R12=0x0000000011815f2d is an unknown value
R13=0x0000000002446400 is an unknown value
R14=0x200002da00000000 is an unknown value
R15=0x000000000235e700 is an unknown value


Stack: [0x00000000120d0000,0x00000000121d0000],  sp=0x00000000121cf948,  free space=1022k
Native frames: (J=compiled Java code, j=interpreted, Vv=VM code, C=native code)
V  [jvm.dll+0x8f2e0]


---------------  P R O C E S S  ---------------

Java Threads: ( => current thread )
  0x000000001c967800 JavaThread "WorkerExecutor Queue Thread 15" [_thread_blocked, id=10484, stack(0x000000002f520000,0x000000002f620000)]
  0x000000001c95f800 JavaThread "stdout" [_thread_in_native, id=10744, stack(0x0000000030570000,0x0000000030670000)]
  0x000000001c966800 JavaThread "stderr" [_thread_in_native, id=5744, stack(0x0000000030050000,0x0000000030150000)]
  0x000000001c95f000 JavaThread "stdout" [_thread_in_native, id=8936, stack(0x000000002f420000,0x000000002f520000)]
  0x000000001c95d800 JavaThread "stderr" [_thread_in_native, id=4824, stack(0x000000002ec20000,0x000000002ed20000)]
  0x000000001c964800 JavaThread "pool-4-thread-1" [_thread_blocked, id=12564, stack(0x0000000000770000,0x0000000000870000)]
  0x000000001c963000 JavaThread "WorkerExecutor Queue Thread 14" [_thread_blocked, id=9544, stack(0x000000002e620000,0x000000002e720000)]
  0x000000001c968800 JavaThread "Cache worker for Java compile cache (C:\Users\Gremis\Desktop\riskcov\android\.gradle\6.9\javaCompile)" [_thread_blocked, id=13084, stack(0x0000000030270000,0x0000000030370000)]
  0x000000001c965000 JavaThread "Cache worker for Java compile cache (C:\Users\Gremis\.gradle\caches\6.9\javaCompile)" [_thread_blocked, id=8360, stack(0x0000000030170000,0x0000000030270000)]
  0x000000001c958800 JavaThread "WorkerExecutor Queue Thread 13" [_thread_blocked, id=11616, stack(0x000000002f320000,0x000000002f420000)]
  0x000000001c958000 JavaThread "Cache worker for execution history cache (C:\Users\Gremis\Desktop\riskcov\android\.gradle\6.9\executionHistory)" [_thread_blocked, id=11780, stack(0x000000002e120000,0x000000002e220000)]
  0x000000001c95b000 JavaThread "Execution worker for ':' Thread 7" [_thread_blocked, id=3672, stack(0x000000002cfd0000,0x000000002d0d0000)]
  0x000000001c957000 JavaThread "Execution worker for ':' Thread 6" [_thread_blocked, id=10464, stack(0x000000002ced0000,0x000000002cfd0000)]
  0x000000001c95e000 JavaThread "Execution worker for ':' Thread 5" [_thread_blocked, id=5556, stack(0x000000002cb70000,0x000000002cc70000)]
  0x000000001dc37800 JavaThread "Execution worker for ':' Thread 4" [_thread_blocked, id=10472, stack(0x000000002ca70000,0x000000002cb70000)]
  0x000000001dc37000 JavaThread "Execution worker for ':' Thread 3" [_thread_blocked, id=12484, stack(0x000000002c970000,0x000000002ca70000)]
  0x000000001dc36000 JavaThread "Execution worker for ':' Thread 2" [_thread_blocked, id=7412, stack(0x000000002c870000,0x000000002c970000)]
  0x000000001dc35800 JavaThread "Execution worker for ':'" [_thread_blocked, id=6528, stack(0x000000002c100000,0x000000002c200000)]
  0x000000001dc34800 JavaThread "build event listener" [_thread_blocked, id=13000, stack(0x000000002be00000,0x000000002bf00000)]
  0x000000001dc32000 JavaThread "jar transforms Thread 131" [_thread_blocked, id=6840, stack(0x000000002bb00000,0x000000002bc00000)]
  0x000000001ae1a800 JavaThread "Memory manager" [_thread_blocked, id=9704, stack(0x00000000268d0000,0x00000000269d0000)]
  0x000000001aca1000 JavaThread "Build operations Thread 8" [_thread_blocked, id=4552, stack(0x000000001fe30000,0x000000001ff30000)]
  0x000000001aca0000 JavaThread "Build operations Thread 7" [_thread_blocked, id=4396, stack(0x000000001fd30000,0x000000001fe30000)]
  0x000000001ac98000 JavaThread "Build operations Thread 6" [_thread_blocked, id=4284, stack(0x000000001fc30000,0x000000001fd30000)]
  0x000000001ac9f800 JavaThread "Build operations Thread 5" [_thread_blocked, id=7980, stack(0x000000001fb30000,0x000000001fc30000)]
  0x000000001ac9e800 JavaThread "Build operations Thread 4" [_thread_blocked, id=11692, stack(0x000000001fa30000,0x000000001fb30000)]
  0x000000001ac9d800 JavaThread "Build operations Thread 3" [_thread_blocked, id=9464, stack(0x000000001f700000,0x000000001f800000)]
  0x000000001ac9d000 JavaThread "Build operations Thread 2" [_thread_blocked, id=7796, stack(0x000000001f600000,0x000000001f700000)]
  0x000000001ac9c000 JavaThread "Build operations" [_thread_blocked, id=11272, stack(0x000000001f500000,0x000000001f600000)]
  0x000000001ac96800 JavaThread "Cache worker for Build Output Cleanup Cache (C:\Users\Gremis\Desktop\riskcov\android\.gradle\buildOutputCleanup)" [_thread_blocked, id=10088, stack(0x000000001f400000,0x000000001f500000)]
  0x000000001ac99000 JavaThread "Cache worker for file content cache (C:\Users\Gremis\.gradle\caches\6.9\fileContent)" [_thread_blocked, id=6688, stack(0x000000001ed00000,0x000000001ee00000)]
  0x00000000181ef000 JavaThread "Cache worker for execution history cache (C:\Users\Gremis\.gradle\caches\6.9\executionHistory)" [_thread_blocked, id=13172, stack(0x000000001e500000,0x000000001e600000)]
  0x00000000181ed800 JavaThread "Cache worker for cache directory md-rule (C:\Users\Gremis\.gradle\caches\6.9\md-rule)" [_thread_blocked, id=13132, stack(0x000000001e120000,0x000000001e220000)]
  0x00000000181e9000 JavaThread "Cache worker for cache directory md-supplier (C:\Users\Gremis\.gradle\caches\6.9\md-supplier)" [_thread_blocked, id=912, stack(0x000000001cde0000,0x000000001cee0000)]
  0x00000000181ee800 JavaThread "Cache worker for checksums cache (C:\Users\Gremis\Desktop\riskcov\android\.gradle\checksums)" [_thread_blocked, id=12560, stack(0x000000001cce0000,0x000000001cde0000)]
  0x00000000181eb800 JavaThread "Cache worker for file hash cache (C:\Users\Gremis\Desktop\riskcov\android\.gradle\6.9\fileHashes)" [_thread_blocked, id=10804, stack(0x000000001bbe0000,0x000000001bce0000)]
  0x00000000181e9800 JavaThread "Cache worker for journal cache (C:\Users\Gremis\.gradle\caches\journal-1)" [_thread_blocked, id=5236, stack(0x000000001a910000,0x000000001aa10000)]
  0x00000000181ec000 JavaThread "File lock request listener" [_thread_in_native, id=12924, stack(0x000000001a810000,0x000000001a910000)]
  0x00000000181ed000 JavaThread "Cache worker for file hash cache (C:\Users\Gremis\.gradle\caches\6.9\fileHashes)" [_thread_blocked, id=3888, stack(0x000000001a710000,0x000000001a810000)]
  0x0000000018285800 JavaThread "Daemon client event forwarder" [_thread_blocked, id=11808, stack(0x000000001a410000,0x000000001a510000)]
  0x0000000018282800 JavaThread "Stdin handler" [_thread_blocked, id=6684, stack(0x000000001a310000,0x000000001a410000)]
  0x0000000018292800 JavaThread "Asynchronous log dispatcher for DefaultDaemonConnection: socket connection from /127.0.0.1:64544 to /127.0.0.1:64545" [_thread_blocked, id=7032, stack(0x000000001a110000,0x000000001a210000)]
  0x000000001828a800 JavaThread "Daemon worker" [_thread_blocked, id=8564, stack(0x000000001a010000,0x000000001a110000)]
  0x000000001826e000 JavaThread "Cancel handler" [_thread_blocked, id=3408, stack(0x0000000019f10000,0x000000001a010000)]
  0x0000000018260800 JavaThread "Handler for socket connection from /127.0.0.1:64544 to /127.0.0.1:64545" [_thread_in_native, id=8924, stack(0x0000000019e10000,0x0000000019f10000)]
  0x0000000018197800 JavaThread "Daemon" [_thread_blocked, id=7440, stack(0x0000000019d10000,0x0000000019e10000)]
  0x0000000018195800 JavaThread "Daemon periodic checks" [_thread_blocked, id=7280, stack(0x0000000019a10000,0x0000000019b10000)]
  0x000000001818e000 JavaThread "Incoming local TCP Connector on port 64544" [_thread_in_native, id=11216, stack(0x00000000197b0000,0x00000000198b0000)]
  0x0000000017b8c800 JavaThread "Daemon health stats" [_thread_blocked, id=12336, stack(0x0000000019370000,0x0000000019470000)]
  0x0000000015b7a000 JavaThread "Service Thread" daemon [_thread_blocked, id=5904, stack(0x00000000167d0000,0x00000000168d0000)]
  0x0000000015af2800 JavaThread "C1 CompilerThread3" daemon [_thread_blocked, id=8720, stack(0x00000000166d0000,0x00000000167d0000)]
  0x0000000015af1800 JavaThread "C2 CompilerThread2" daemon [_thread_blocked, id=11540, stack(0x00000000165d0000,0x00000000166d0000)]
  0x0000000015af0000 JavaThread "C2 CompilerThread1" daemon [_thread_blocked, id=10948, stack(0x00000000164d0000,0x00000000165d0000)]
  0x0000000015ae8000 JavaThread "C2 CompilerThread0" daemon [_thread_blocked, id=4380, stack(0x00000000163d0000,0x00000000164d0000)]
  0x0000000015ade000 JavaThread "Attach Listener" daemon [_thread_blocked, id=7860, stack(0x00000000162d0000,0x00000000163d0000)]
  0x0000000013cce000 JavaThread "Signal Dispatcher" daemon [_thread_blocked, id=1744, stack(0x00000000161d0000,0x00000000162d0000)]
  0x0000000015ad0800 JavaThread "Finalizer" daemon [_thread_blocked, id=12920, stack(0x0000000015fb0000,0x00000000160b0000)]
  0x0000000013cbc000 JavaThread "Reference Handler" daemon [_thread_blocked, id=13248, stack(0x0000000015eb0000,0x0000000015fb0000)]
  0x0000000002352800 JavaThread "main" [_thread_blocked, id=6824, stack(0x0000000002220000,0x0000000002320000)]

Other Threads:
  0x0000000013cb6000 VMThread [stack: 0x00000000159b0000,0x0000000015ab0000] [id=11668]
  0x0000000015b7b800 WatcherThread [stack: 0x00000000168d0000,0x00000000169d0000] [id=9272]

=>0x0000000002375800 (exited) GCTaskThread [stack: 0x00000000120d0000,0x00000000121d0000] [id=3996]

VM state:at safepoint (normal execution)

VM Mutex/Monitor currently owned by a thread:  ([mutex/lock_event])
[0x000000000232db70] Threads_lock - owner thread: 0x0000000013cb6000
[0x0000000002351f50] Heap_lock - owner thread: 0x000000001c95e000

heap address: 0x00000000e0000000, size: 512 MB, Compressed Oops mode: 32-bit
Narrow klass base: 0x0000000000000000, Narrow klass shift: 3
Compressed class space size: 1073741824 Address: 0x0000000100000000

Heap:
 PSYoungGen      total 126976K, used 107629K [0x00000000f5580000, 0x00000000fff80000, 0x0000000100000000)
  eden space 80896K, 100% used [0x00000000f5580000,0x00000000fa480000,0x00000000fa480000)
  from space 46080K, 58% used [0x00000000fa480000,0x00000000fbe9b528,0x00000000fd180000)
  to   space 45568K, 34% used [0x00000000fd300000,0x00000000fe2301e8,0x00000000fff80000)
 ParOldGen       total 349696K, used 89898K [0x00000000e0000000, 0x00000000f5580000, 0x00000000f5580000)
  object space 349696K, 25% used [0x00000000e0000000,0x00000000e57ca9e8,0x00000000f5580000)
 Metaspace       used 108339K, capacity 113659K, committed 113792K, reserved 1148928K
  class space    used 14133K, capacity 15189K, committed 15232K, reserved 1048576K

Card table byte_map: [0x0000000011810000,0x0000000011920000] byte_map_base: 0x0000000011110000

Marking Bits: (ParMarkBitMap*) 0x00000000566c1440
 Begin Bits: [0x00000000121d0000, 0x00000000129d0000)
 End Bits:   [0x00000000129d0000, 0x00000000131d0000)

Polling page: 0x0000000000a20000

CodeCache: size=245760Kb used=62064Kb max_used=62135Kb free=183695Kb
 bounds [0x0000000002450000, 0x0000000006150000, 0x0000000011450000]
 total_blobs=18116 nmethods=17170 adapters=856
 compilation: enabled

Compilation events (10 events):
Event: 97.483 Thread 0x0000000015af2800 21381       3       org.gradle.api.internal.file.archive.impl.StreamZipInput::<init> (17 bytes)
Event: 97.483 Thread 0x0000000015af2800 nmethod 21381 0x00000000060d9e90 code [0x00000000060da000, 0x00000000060da2e8]
Event: 97.483 Thread 0x0000000015af2800 21382       3       org.gradle.api.internal.file.archive.impl.StreamZipInput::iterator (9 bytes)
Event: 97.483 Thread 0x0000000015af2800 nmethod 21382 0x00000000060e5450 code [0x00000000060e55c0, 0x00000000060e5910]
Event: 97.533 Thread 0x0000000015af1800 21383       4       org.gradle.api.internal.file.pattern.HasSuffixPatternStep::matches (51 bytes)
Event: 97.534 Thread 0x0000000015af1800 nmethod 21383 0x00000000060f1a10 code [0x00000000060f1b60, 0x00000000060f1c48]
Event: 97.692 Thread 0x0000000015af0000 21384       4       org.gradle.api.internal.changedetection.state.PropertiesFileAwareClasspathResourceHasher$$Lambda$526/292028686::test (12 bytes)
Event: 97.707 Thread 0x0000000015af0000 nmethod 21384 0x00000000060ec610 code [0x00000000060ec7e0, 0x00000000060ecdf8]
Event: 97.835 Thread 0x0000000015ae8000 21385       4       org.gradle.cache.internal.LockOnDemandCrossProcessCacheAccess$UnlockAction::run (8 bytes)
Event: 97.842 Thread 0x0000000015ae8000 nmethod 21385 0x00000000060e4790 code [0x00000000060e4920, 0x00000000060e4d48]

GC Heap History (10 events):
Event: 94.358 GC heap after
Heap after GC invocations=51 (full 4):
 PSYoungGen      total 114688K, used 30169K [0x00000000f5580000, 0x0000000100000000, 0x0000000100000000)
  eden space 84480K, 0% used [0x00000000f5580000,0x00000000f5580000,0x00000000fa800000)
  from space 30208K, 99% used [0x00000000fa800000,0x00000000fc5765d0,0x00000000fc580000)
  to   space 47104K, 0% used [0x00000000fd200000,0x00000000fd200000,0x0000000100000000)
 ParOldGen       total 349696K, used 80997K [0x00000000e0000000, 0x00000000f5580000, 0x00000000f5580000)
  object space 349696K, 23% used [0x00000000e0000000,0x00000000e4f19640,0x00000000f5580000)
 Metaspace       used 106433K, capacity 111701K, committed 112000K, reserved 1146880K
  class space    used 13890K, capacity 14890K, committed 14976K, reserved 1048576K
}
Event: 94.693 GC heap before
{Heap before GC invocations=52 (full 4):
 PSYoungGen      total 114688K, used 114649K [0x00000000f5580000, 0x0000000100000000, 0x0000000100000000)
  eden space 84480K, 100% used [0x00000000f5580000,0x00000000fa800000,0x00000000fa800000)
  from space 30208K, 99% used [0x00000000fa800000,0x00000000fc5765d0,0x00000000fc580000)
  to   space 47104K, 0% used [0x00000000fd200000,0x00000000fd200000,0x0000000100000000)
 ParOldGen       total 349696K, used 80997K [0x00000000e0000000, 0x00000000f5580000, 0x00000000f5580000)
  object space 349696K, 23% used [0x00000000e0000000,0x00000000e4f19640,0x00000000f5580000)
 Metaspace       used 106444K, capacity 111701K, committed 112000K, reserved 1146880K
  class space    used 13890K, capacity 14890K, committed 14976K, reserved 1048576K
Event: 94.720 GC heap after
Heap after GC invocations=52 (full 4):
 PSYoungGen      total 128000K, used 25710K [0x00000000f5580000, 0x0000000100000000, 0x0000000100000000)
  eden space 80896K, 0% used [0x00000000f5580000,0x00000000f5580000,0x00000000fa480000)
  from space 47104K, 54% used [0x00000000fd200000,0x00000000feb1ba10,0x0000000100000000)
  to   space 46592K, 0% used [0x00000000fa480000,0x00000000fa480000,0x00000000fd200000)
 ParOldGen       total 349696K, used 81005K [0x00000000e0000000, 0x00000000f5580000, 0x00000000f5580000)
  object space 349696K, 23% used [0x00000000e0000000,0x00000000e4f1b640,0x00000000f5580000)
 Metaspace       used 106444K, capacity 111701K, committed 112000K, reserved 1146880K
  class space    used 13890K, capacity 14890K, committed 14976K, reserved 1048576K
}
Event: 95.074 GC heap before
{Heap before GC invocations=53 (full 4):
 PSYoungGen      total 128000K, used 106606K [0x00000000f5580000, 0x0000000100000000, 0x0000000100000000)
  eden space 80896K, 100% used [0x00000000f5580000,0x00000000fa480000,0x00000000fa480000)
  from space 47104K, 54% used [0x00000000fd200000,0x00000000feb1ba10,0x0000000100000000)
  to   space 46592K, 0% used [0x00000000fa480000,0x00000000fa480000,0x00000000fd200000)
 ParOldGen       total 349696K, used 81005K [0x00000000e0000000, 0x00000000f5580000, 0x00000000f5580000)
  object space 349696K, 23% used [0x00000000e0000000,0x00000000e4f1b640,0x00000000f5580000)
 Metaspace       used 106460K, capacity 111701K, committed 112000K, reserved 1146880K
  class space    used 13890K, capacity 14890K, committed 14976K, reserved 1048576K
Event: 95.094 GC heap after
Heap after GC invocations=53 (full 4):
 PSYoungGen      total 127488K, used 28615K [0x00000000f5580000, 0x0000000100000000, 0x0000000100000000)
  eden space 80896K, 0% used [0x00000000f5580000,0x00000000f5580000,0x00000000fa480000)
  from space 46592K, 61% used [0x00000000fa480000,0x00000000fc071ea0,0x00000000fd200000)
  to   space 47104K, 0% used [0x00000000fd200000,0x00000000fd200000,0x0000000100000000)
 ParOldGen       total 349696K, used 81013K [0x00000000e0000000, 0x00000000f5580000, 0x00000000f5580000)
  object space 349696K, 23% used [0x00000000e0000000,0x00000000e4f1d640,0x00000000f5580000)
 Metaspace       used 106460K, capacity 111701K, committed 112000K, reserved 1146880K
  class space    used 13890K, capacity 14890K, committed 14976K, reserved 1048576K
}
Event: 95.369 GC heap before
{Heap before GC invocations=54 (full 4):
 PSYoungGen      total 127488K, used 109511K [0x00000000f5580000, 0x0000000100000000, 0x0000000100000000)
  eden space 80896K, 100% used [0x00000000f5580000,0x00000000fa480000,0x00000000fa480000)
  from space 46592K, 61% used [0x00000000fa480000,0x00000000fc071ea0,0x00000000fd200000)
  to   space 47104K, 0% used [0x00000000fd200000,0x00000000fd200000,0x0000000100000000)
 ParOldGen       total 349696K, used 81013K [0x00000000e0000000, 0x00000000f5580000, 0x00000000f5580000)
  object space 349696K, 23% used [0x00000000e0000000,0x00000000e4f1d640,0x00000000f5580000)
 Metaspace       used 106474K, capacity 111701K, committed 112000K, reserved 1146880K
  class space    used 13890K, capacity 14890K, committed 14976K, reserved 1048576K
Event: 95.392 GC heap after
Heap after GC invocations=54 (full 4):
 PSYoungGen      total 126464K, used 25949K [0x00000000f5580000, 0x00000000ffe80000, 0x0000000100000000)
  eden space 80896K, 0% used [0x00000000f5580000,0x00000000f5580000,0x00000000fa480000)
  from space 45568K, 56% used [0x00000000fd200000,0x00000000feb57660,0x00000000ffe80000)
  to   space 46080K, 0% used [0x00000000fa480000,0x00000000fa480000,0x00000000fd180000)
 ParOldGen       total 349696K, used 81021K [0x00000000e0000000, 0x00000000f5580000, 0x00000000f5580000)
  object space 349696K, 23% used [0x00000000e0000000,0x00000000e4f1f640,0x00000000f5580000)
 Metaspace       used 106474K, capacity 111701K, committed 112000K, reserved 1146880K
  class space    used 13890K, capacity 14890K, committed 14976K, reserved 1048576K
}
Event: 96.751 GC heap before
{Heap before GC invocations=55 (full 4):
 PSYoungGen      total 126464K, used 106841K [0x00000000f5580000, 0x00000000ffe80000, 0x0000000100000000)
  eden space 80896K, 99% used [0x00000000f5580000,0x00000000fa47ee60,0x00000000fa480000)
  from space 45568K, 56% used [0x00000000fd200000,0x00000000feb57660,0x00000000ffe80000)
  to   space 46080K, 0% used [0x00000000fa480000,0x00000000fa480000,0x00000000fd180000)
 ParOldGen       total 349696K, used 81021K [0x00000000e0000000, 0x00000000f5580000, 0x00000000f5580000)
  object space 349696K, 23% used [0x00000000e0000000,0x00000000e4f1f640,0x00000000f5580000)
 Metaspace       used 108337K, capacity 113659K, committed 113792K, reserved 1148928K
  class space    used 14133K, capacity 15189K, committed 15232K, reserved 1048576K
Event: 96.768 GC heap after
Heap after GC invocations=55 (full 4):
 PSYoungGen      total 126976K, used 26733K [0x00000000f5580000, 0x00000000fff80000, 0x0000000100000000)
  eden space 80896K, 0% used [0x00000000f5580000,0x00000000f5580000,0x00000000fa480000)
  from space 46080K, 58% used [0x00000000fa480000,0x00000000fbe9b528,0x00000000fd180000)
  to   space 45568K, 0% used [0x00000000fd300000,0x00000000fd300000,0x00000000fff80000)
 ParOldGen       total 349696K, used 81029K [0x00000000e0000000, 0x00000000f5580000, 0x00000000f5580000)
  object space 349696K, 23% used [0x00000000e0000000,0x00000000e4f21640,0x00000000f5580000)
 Metaspace       used 108337K, capacity 113659K, committed 113792K, reserved 1148928K
  class space    used 14133K, capacity 15189K, committed 15232K, reserved 1048576K
}
Event: 97.940 GC heap before
{Heap before GC invocations=56 (full 4):
 PSYoungGen      total 126976K, used 107629K [0x00000000f5580000, 0x00000000fff80000, 0x0000000100000000)
  eden space 80896K, 100% used [0x00000000f5580000,0x00000000fa480000,0x00000000fa480000)
  from space 46080K, 58% used [0x00000000fa480000,0x00000000fbe9b528,0x00000000fd180000)
  to   space 45568K, 0% used [0x00000000fd300000,0x00000000fd300000,0x00000000fff80000)
 ParOldGen       total 349696K, used 81029K [0x00000000e0000000, 0x00000000f5580000, 0x00000000f5580000)
  object space 349696K, 23% used [0x00000000e0000000,0x00000000e4f21640,0x00000000f5580000)
 Metaspace       used 108339K, capacity 113659K, committed 113792K, reserved 1148928K
  class space    used 14133K, capacity 15189K, committed 15232K, reserved 1048576K

Deoptimization events (10 events):
Event: 96.171 Thread 0x000000001df2f000 Uncommon trap: reason=unstable_if action=reinterpret pc=0x0000000003ca79a0 method=java.util.concurrent.SynchronousQueue$TransferStack.awaitFulfill(Ljava/util/concurrent/SynchronousQueue$TransferStack$SNode;ZJ)Ljava/util/concurrent/SynchronousQueue$Transfe
Event: 96.171 Thread 0x00000000171e1000 Uncommon trap: reason=unstable_if action=reinterpret pc=0x0000000003ca79a0 method=java.util.concurrent.SynchronousQueue$TransferStack.awaitFulfill(Ljava/util/concurrent/SynchronousQueue$TransferStack$SNode;ZJ)Ljava/util/concurrent/SynchronousQueue$Transfe
Event: 96.357 Thread 0x000000001c95e000 Uncommon trap: reason=class_check action=maybe_recompile pc=0x00000000040bc8e0 method=java.lang.reflect.Array.newInstance(Ljava/lang/Class;I)Ljava/lang/Object; @ 2
Event: 96.377 Thread 0x000000001c95e000 Uncommon trap: reason=class_check action=maybe_recompile pc=0x00000000040bc8e0 method=java.lang.reflect.Array.newInstance(Ljava/lang/Class;I)Ljava/lang/Object; @ 2
Event: 96.378 Thread 0x000000001c95e000 Uncommon trap: reason=class_check action=maybe_recompile pc=0x00000000040bc8e0 method=java.lang.reflect.Array.newInstance(Ljava/lang/Class;I)Ljava/lang/Object; @ 2
Event: 96.378 Thread 0x000000001c95e000 Uncommon trap: reason=class_check action=maybe_recompile pc=0x00000000040bc8e0 method=java.lang.reflect.Array.newInstance(Ljava/lang/Class;I)Ljava/lang/Object; @ 2
Event: 96.448 Thread 0x000000001c95e000 Uncommon trap: reason=class_check action=maybe_recompile pc=0x0000000003dc7018 method=org.gradle.internal.snapshot.impl.DefaultValueSnapshotter.processValue(Ljava/lang/Object;Lorg/gradle/internal/snapshot/impl/DefaultValueSnapshotter$ValueVisitor;)Ljava/l
Event: 96.449 Thread 0x000000001c95e000 Uncommon trap: reason=unstable_if action=reinterpret pc=0x0000000005c7e12c method=org.gradle.internal.snapshot.impl.DirectorySnapshotter$PathVisitor.visitResolvedFile(Ljava/nio/file/Path;Ljava/nio/file/attribute/BasicFileAttributes;Lorg/gradle/internal/fi
Event: 96.449 Thread 0x000000001c95e000 Uncommon trap: reason=unstable_if action=reinterpret pc=0x0000000003ae9588 method=org.gradle.internal.snapshot.impl.DirectorySnapshotter$PathVisitor.visitResolvedFile(Ljava/nio/file/Path;Ljava/nio/file/attribute/BasicFileAttributes;Lorg/gradle/internal/fi
Event: 96.449 Thread 0x000000001c95e000 Uncommon trap: reason=unstable_if action=reinterpret pc=0x0000000005c85b44 method=org.gradle.internal.snapshot.impl.DirectorySnapshotter$PathVisitor.visitResolvedFile(Ljava/nio/file/Path;Ljava/nio/file/attribute/BasicFileAttributes;Lorg/gradle/internal/fi

Classes redefined (0 events):
No events

Internal exceptions (10 events):
Event: 93.408 Thread 0x000000001ac9f800 Exception <a 'sun/nio/fs/WindowsException'> (0x00000000f76194c8) thrown at [C:\tmp\build-8-cpu\jdk8u\hotspot\src\share\vm\prims\jni.cpp, line 711]
Event: 93.414 Thread 0x000000001ac9d800 Exception <a 'java/net/SocketTimeoutException': Read timed out> (0x00000000f75c2478) thrown at [C:\tmp\build-8-cpu\jdk8u\hotspot\src\share\vm\prims\jni.cpp, line 738]
Event: 93.414 Thread 0x000000001ac9e800 Exception <a 'java/net/SocketTimeoutException': Read timed out> (0x00000000f7662230) thrown at [C:\tmp\build-8-cpu\jdk8u\hotspot\src\share\vm\prims\jni.cpp, line 738]
Event: 93.416 Thread 0x000000001ac9f800 Exception <a 'sun/nio/fs/WindowsException'> (0x00000000f768d310) thrown at [C:\tmp\build-8-cpu\jdk8u\hotspot\src\share\vm\prims\jni.cpp, line 711]
Event: 93.430 Thread 0x000000001ac9d000 Exception <a 'java/net/SocketTimeoutException': Read timed out> (0x00000000f76b03f0) thrown at [C:\tmp\build-8-cpu\jdk8u\hotspot\src\share\vm\prims\jni.cpp, line 738]
Event: 93.457 Thread 0x000000001ac9f800 Exception <a 'java/net/SocketTimeoutException': Read timed out> (0x00000000f76ee668) thrown at [C:\tmp\build-8-cpu\jdk8u\hotspot\src\share\vm\prims\jni.cpp, line 738]
Event: 93.620 Thread 0x000000001ac98000 Exception <a 'sun/nio/fs/WindowsException'> (0x00000000f7cb2e00) thrown at [C:\tmp\build-8-cpu\jdk8u\hotspot\src\share\vm\prims\jni.cpp, line 711]
Event: 93.643 Thread 0x000000001ac9d000 Exception <a 'sun/nio/fs/WindowsException'> (0x00000000f8013e88) thrown at [C:\tmp\build-8-cpu\jdk8u\hotspot\src\share\vm\prims\jni.cpp, line 711]
Event: 94.020 Thread 0x000000001ac9d800 Exception <a 'sun/nio/fs/WindowsException'> (0x00000000f894d290) thrown at [C:\tmp\build-8-cpu\jdk8u\hotspot\src\share\vm\prims\jni.cpp, line 711]
Event: 95.475 Thread 0x000000001ac9f800 Exception <a 'sun/nio/fs/WindowsException'> (0x00000000f6a34430) thrown at [C:\tmp\build-8-cpu\jdk8u\hotspot\src\share\vm\prims\jni.cpp, line 711]

Events (10 events):
Event: 96.449 Thread 0x000000001c95e000 Uncommon trap: trap_request=0xffffff65 fr.pc=0x0000000005c85b44
Event: 96.449 Thread 0x000000001c95e000 DEOPT PACKING pc=0x0000000005c85b44 sp=0x000000002cc6b780
Event: 96.449 Thread 0x000000001c95e000 DEOPT UNPACKING pc=0x000000000249557b sp=0x000000002cc6b7b0 mode 2
Event: 96.730 Thread 0x000000001dc2c000 Thread exited: 0x000000001dc2c000
Event: 96.730 Thread 0x000000001dc30000 Thread exited: 0x000000001dc30000
Event: 96.730 Thread 0x000000001dc31800 Thread exited: 0x000000001dc31800
Event: 96.730 Thread 0x000000001dc30800 Thread exited: 0x000000001dc30800
Event: 96.751 Executing VM operation: ParallelGCFailedAllocation
Event: 96.768 Executing VM operation: ParallelGCFailedAllocation done
Event: 97.940 Executing VM operation: ParallelGCFailedAllocation


Dynamic libraries:
0x00007ff6abeb0000 - 0x00007ff6abee5000 	C:\Program Files\OpenJDK\openjdk-8u302-b08\bin\java.exe
0x00007ffc5fcb0000 - 0x00007ffc5fea5000 	C:\WINDOWS\SYSTEM32\ntdll.dll
0x00007ffc5fbb0000 - 0x00007ffc5fc6e000 	C:\WINDOWS\System32\KERNEL32.DLL
0x00007ffc5d580000 - 0x00007ffc5d849000 	C:\WINDOWS\System32\KERNELBASE.dll
0x00007ffc5ed50000 - 0x00007ffc5edfc000 	C:\WINDOWS\System32\ADVAPI32.dll
0x00007ffc5e4e0000 - 0x00007ffc5e57e000 	C:\WINDOWS\System32\msvcrt.dll
0x00007ffc5f750000 - 0x00007ffc5f7eb000 	C:\WINDOWS\System32\sechost.dll
0x00007ffc5e200000 - 0x00007ffc5e32a000 	C:\WINDOWS\System32\RPCRT4.dll
0x00007ffc5e330000 - 0x00007ffc5e4d1000 	C:\WINDOWS\System32\USER32.dll
0x00007ffc5dbb0000 - 0x00007ffc5dbd2000 	C:\WINDOWS\System32\win32u.dll
0x00007ffc5f030000 - 0x00007ffc5f05b000 	C:\WINDOWS\System32\GDI32.dll
0x00007ffc5d850000 - 0x00007ffc5d95b000 	C:\WINDOWS\System32\gdi32full.dll
0x00007ffc5dac0000 - 0x00007ffc5db5d000 	C:\WINDOWS\System32\msvcp_win.dll
0x00007ffc5d3d0000 - 0x00007ffc5d4d0000 	C:\WINDOWS\System32\ucrtbase.dll
0x00007ffc37280000 - 0x00007ffc3751a000 	C:\WINDOWS\WinSxS\amd64_microsoft.windows.common-controls_6595b64144ccf1df_6.0.19041.1110_none_60b5254171f9507e\COMCTL32.dll
0x00007ffc5f000000 - 0x00007ffc5f030000 	C:\WINDOWS\System32\IMM32.DLL
0x0000000056750000 - 0x0000000056822000 	C:\Program Files\OpenJDK\openjdk-8u302-b08\jre\bin\msvcr100.dll
0x0000000055eb0000 - 0x0000000056743000 	C:\Program Files\OpenJDK\openjdk-8u302-b08\jre\bin\server\jvm.dll
0x00007ffc5efe0000 - 0x00007ffc5efe8000 	C:\WINDOWS\System32\PSAPI.DLL
0x00007ffc4db90000 - 0x00007ffc4dbb7000 	C:\WINDOWS\SYSTEM32\WINMM.dll
0x00007ffc579c0000 - 0x00007ffc579c9000 	C:\WINDOWS\SYSTEM32\WSOCK32.dll
0x00007ffc57f40000 - 0x00007ffc57f4a000 	C:\WINDOWS\SYSTEM32\VERSION.dll
0x00007ffc5f8a0000 - 0x00007ffc5f90b000 	C:\WINDOWS\System32\WS2_32.dll
0x00007ffc579b0000 - 0x00007ffc579bf000 	C:\Program Files\OpenJDK\openjdk-8u302-b08\jre\bin\verify.dll
0x00007ffc532e0000 - 0x00007ffc53309000 	C:\Program Files\OpenJDK\openjdk-8u302-b08\jre\bin\java.dll
0x00007ffc54a50000 - 0x00007ffc54a66000 	C:\Program Files\OpenJDK\openjdk-8u302-b08\jre\bin\zip.dll
0x00007ffc5e580000 - 0x00007ffc5ecbf000 	C:\WINDOWS\System32\SHELL32.dll
0x00007ffc5b3b0000 - 0x00007ffc5bb40000 	C:\WINDOWS\SYSTEM32\windows.storage.dll
0x00007ffc5de40000 - 0x00007ffc5e195000 	C:\WINDOWS\System32\combase.dll
0x00007ffc5cdb0000 - 0x00007ffc5cddc000 	C:\WINDOWS\SYSTEM32\Wldp.dll
0x00007ffc5ee60000 - 0x00007ffc5ef0e000 	C:\WINDOWS\System32\SHCORE.dll
0x00007ffc5fb50000 - 0x00007ffc5fba5000 	C:\WINDOWS\System32\shlwapi.dll
0x00007ffc5d310000 - 0x00007ffc5d32f000 	C:\WINDOWS\SYSTEM32\profapi.dll
0x00007ffc50600000 - 0x00007ffc5061b000 	C:\Program Files\OpenJDK\openjdk-8u302-b08\jre\bin\net.dll
0x00007ffc5cab0000 - 0x00007ffc5cb1a000 	C:\WINDOWS\system32\mswsock.dll
0x00007ffc505e0000 - 0x00007ffc505f1000 	C:\Program Files\OpenJDK\openjdk-8u302-b08\jre\bin\nio.dll
0x00007ffc505b0000 - 0x00007ffc505d7000 	C:\Users\Gremis\.gradle\native\49d0259a56938c7f99b2704e745ce422c4f750a7a20b539a32ccef96729676b1\windows-amd64\native-platform.dll
0x00007ffc121b0000 - 0x00007ffc12341000 	C:\Users\Gremis\.gradle\native\12488b8bf47d2d4c9fbf2f6322a914ad602e24e48041cd04a747c6da556b65c4\windows-amd64\native-platform-file-events.dll
0x00007ffc56750000 - 0x00007ffc5675d000 	C:\Program Files\OpenJDK\openjdk-8u302-b08\jre\bin\management.dll
0x00007ffc5cd00000 - 0x00007ffc5cd18000 	C:\WINDOWS\SYSTEM32\CRYPTSP.dll
0x00007ffc5c430000 - 0x00007ffc5c464000 	C:\WINDOWS\system32\rsaenh.dll
0x00007ffc5dbe0000 - 0x00007ffc5dc07000 	C:\WINDOWS\System32\bcrypt.dll
0x00007ffc5d290000 - 0x00007ffc5d2be000 	C:\WINDOWS\SYSTEM32\USERENV.dll
0x00007ffc5dc70000 - 0x00007ffc5dcf3000 	C:\WINDOWS\System32\bcryptprimitives.dll
0x00007ffc5cd20000 - 0x00007ffc5cd2c000 	C:\WINDOWS\SYSTEM32\CRYPTBASE.dll
0x00007ffc5c7a0000 - 0x00007ffc5c7db000 	C:\WINDOWS\SYSTEM32\IPHLPAPI.DLL
0x00007ffc5fac0000 - 0x00007ffc5fac8000 	C:\WINDOWS\System32\NSI.dll
0x00007ffc56da0000 - 0x00007ffc56db7000 	C:\WINDOWS\SYSTEM32\dhcpcsvc6.DLL
0x00007ffc57300000 - 0x00007ffc5731d000 	C:\WINDOWS\SYSTEM32\dhcpcsvc.DLL
0x00007ffc5c7e0000 - 0x00007ffc5c8ac000 	C:\WINDOWS\SYSTEM32\DNSAPI.dll
0x00007ffc5c0c0000 - 0x00007ffc5c0f3000 	C:\WINDOWS\SYSTEM32\ntmarta.dll
0x00007ffc4c910000 - 0x00007ffc4c934000 	C:\Program Files\OpenJDK\openjdk-8u302-b08\jre\bin\sunec.dll
0x00007ffc54d80000 - 0x00007ffc54d8a000 	C:\Windows\System32\rasadhlp.dll
0x00007ffc53990000 - 0x00007ffc53a0f000 	C:\WINDOWS\System32\fwpuclnt.dll
0x00007ffc55e10000 - 0x00007ffc55e1c000 	C:\Program Files\OpenJDK\openjdk-8u302-b08\jre\bin\sunmscapi.dll
0x00007ffc5d960000 - 0x00007ffc5dab6000 	C:\WINDOWS\System32\CRYPT32.dll
0x00007ffc5ce90000 - 0x00007ffc5ceb7000 	C:\WINDOWS\SYSTEM32\ncrypt.dll
0x00007ffc5ce00000 - 0x00007ffc5ce3b000 	C:\WINDOWS\SYSTEM32\NTASN1.dll
0x00007ffc5b1c0000 - 0x00007ffc5b3a4000 	C:\WINDOWS\SYSTEM32\dbghelp.dll

VM Arguments:
jvm_args: -XX:MaxMetaspaceSize=256m -XX:+HeapDumpOnOutOfMemoryError -Xms256m -Xmx512m -Dfile.encoding=windows-1252 -Duser.country=BR -Duser.language=pt -Duser.variant 
java_command: org.gradle.launcher.daemon.bootstrap.GradleDaemon 6.9
java_class_path (initial): C:\Users\Gremis\.gradle\wrapper\dists\gradle-6.9-all\dooywd8nv05k16orzxge2b1bs\gradle-6.9\lib\gradle-launcher-6.9.jar
Launcher Type: SUN_STANDARD

Environment Variables:
JAVA_HOME=C:\Program Files\OpenJDK\openjdk-8u302-b08
CLASSPATH=C:\Users\Gremis\Desktop\riskcov\android\\gradle\wrapper\gradle-wrapper.jar
PATH=C:\Users\Gremis\Desktop\riskcov\android\node_modules\.bin;C:\Users\Gremis\Desktop\riskcov\node_modules\.bin;C:\Users\Gremis\Desktop\node_modules\.bin;C:\Users\Gremis\node_modules\.bin;C:\Users\node_modules\.bin;C:\node_modules\.bin;C:\Program Files\nodejs;C:\Program Files (x86)\Common Files\Oracle\Java\javapath;C:\Python39\Scripts\;C:\Python39\;C:\Program Files (x86)\Common Files\Intel\Shared Libraries\redist\intel64_win\compiler;C:\Program Files (x86)\Common Files\Intel\Shared Libraries\redist\intel64\compiler;C:\Windows\system32;C:\Windows;C:\Windows\System32\Wbem;C:\Windows\System32\WindowsPowerShell\v1.0\;C:\Windows\System32\OpenSSH\;C:\Program Files\NVIDIA Corporation\NVIDIA NvDLISR;C:\ProgramData\chocolatey\bin;C:\WINDOWS\system32;C:\WINDOWS;C:\WINDOWS\System32\Wbem;C:\WINDOWS\System32\WindowsPowerShell\v1.0\;C:\WINDOWS\System32\OpenSSH\;C:\Program Files\Git\cmd;C:\Program Files\nodejs\;C:\Program Files\OpenJDK\openjdk-8u302-b08\bin;C:\Ruby30-x64\bin;C:\Users\Gremis\AppData\Local\Microsoft\WindowsApps;C:\Users\Gremis\AppData\Local\Programs\Microsoft VS Code\bin;C:\Users\Gremis\source\repos\flutter\bin;C:\Users\Gremis\AppData\Local\Android\Sdk\platform-tools;C:\tools\dart-sdk\bin;C:\Users\Gremis\AppData\Roaming\Pub\Cache\bin;C:\Users\Gremis\AppData\Roaming\npm
USERNAME=Gremis
OS=Windows_NT
PROCESSOR_IDENTIFIER=Intel64 Family 6 Model 142 Stepping 12, GenuineIntel



---------------  S Y S T E M  ---------------

OS: Windows 10.0 , 64 bit Build 19041 (10.0.19041.1202)

CPU:total 8 (initial active 8) (4 cores per cpu, 2 threads per core) family 6 model 142 stepping 12, cmov, cx8, fxsr, mmx, sse, sse2, sse3, ssse3, sse4.1, sse4.2, popcnt, avx, avx2, aes, clmul, erms, 3dnowpref, lzcnt, ht, tsc, tscinvbit, bmi1, bmi2, adx

Memory: 4k page, physical 8265952k(2423572k free), swap 13770976k(6370588k free)

vm_info: OpenJDK 64-Bit Server VM (25.302-b08) for windows-amd64 JRE (1.8.0_302-b08), built on Jul 16 2021 12:02:07 by "build" with MS VC++ 10.0 (VS2010)

time: Tue Sep 21 11:20:07 2021
timezone: Hora oficial do Brasil
elapsed time: 98.146234 seconds (0d 0h 1m 38s)

